<!--
  ~ Copyright (c) 2008-2013 Haulmont. All rights reserved.
  ~ Use is subject to license terms, see http://www.cuba-platform.com/license for details.
  -->

<views xmlns="http://www.haulmont.com/schema/cuba/view.xsd">

    <view class="com.haulmont.cuba.gui.data.impl.testmodel1.TestMasterEntity" name="withDetails" extends="_local">
        <property name="details" view="withParts"/>
    </view>

    <view class="com.haulmont.cuba.gui.data.impl.testmodel1.TestDetailEntity" name="withParts" extends="_local">
        <property name="embeddable" view="_local"/>
        <property name="parts" view="_local"/>
    </view>

    <view class="com.haulmont.cuba.gui.data.impl.testmodel1.TestMasterEntity" name="withDetail" extends="_local">
        <property name="detail" view="_local"/>
    </view>

</views>
