<!--
  ~ Copyright (c) 2013 Haulmont Technology Ltd. All Rights Reserved.
  ~ Haulmont Technology proprietary and confidential.
  ~ Use is subject to license terms.
  -->

<window
        xmlns="http://schemas.haulmont.com/cuba/4.0/window.xsd"
        caption="Test vaadin window"
        class="com.haulmont.cuba.gui.components.AbstractWindow"
        messagesPack="com.haulmont.cuba.web.app.ui.test"
        >

    <dsContext>
    </dsContext>

    <layout expand="split">
        <vbox margin="false;false;true;false">
            <label value="Yep!"/>
            <button caption="Click me!"/>
        </vbox>
    </layout>
</window>
