<!--
  ~ Copyright (c) 2008-2015 Haulmont. All rights reserved.
  ~ Use is subject to license terms, see http://www.cuba-platform.com/license for details.
  -->

<window xmlns="http://schemas.haulmont.com/cuba/window.xsd"
        xmlns:ext="http://schemas.haulmont.com/cuba/window-ext.xsd"
        datasource="userDs"
        extends="com/haulmont/cuba/gui/xml/test-base-screen.xml">

    <layout>
        <fieldGroup id="fieldGroupLeft">
            <column width="${width}">
                <field id="test" ext:index="3"/>
            </column>
        </fieldGroup>
    </layout>
</window>